<?xml version="1.0" encoding="UTF-8"?>
<testng-results ignored="0" total="7" passed="7" failed="0" skipped="0">
  <reporter-output>
  </reporter-output>
  <suite started-at="2024-02-29T14:50:57 IST" name="Suite" finished-at="2024-02-29T14:51:44 IST" duration-ms="47188">
    <groups>
    </groups>
    <test started-at="2024-02-29T14:50:57 IST" name="Test" finished-at="2024-02-29T14:51:44 IST" duration-ms="47188">
      <class name="testCases.TestCase">
        <test-method is-config="true" signature="openApp(java.lang.String,java.lang.String)[pri:0, instance:testCases.TestCase@78691363]" started-at="2024-02-29T14:50:58 IST" name="openApp" finished-at="2024-02-29T14:51:15 IST" duration-ms="17199" status="PASS">
          <params>
            <param index="0">
              <value>
                <![CDATA[windows]]>
              </value>
            </param>
            <param index="1">
              <value>
                <![CDATA[chrome]]>
              </value>
            </param>
          </params>
          <reporter-output>
          </reporter-output>
        </test-method> <!-- openApp -->
        <test-method signature="carLoanValidation()[pri:1, instance:testCases.TestCase@78691363]" started-at="2024-02-29T14:51:15 IST" name="carLoanValidation" finished-at="2024-02-29T14:51:18 IST" duration-ms="3000" status="PASS">
          <reporter-output>
          </reporter-output>
        </test-method> <!-- carLoanValidation -->
        <test-method signature="homeLoanValidation()[pri:2, instance:testCases.TestCase@78691363]" started-at="2024-02-29T14:51:18 IST" name="homeLoanValidation" finished-at="2024-02-29T14:51:35 IST" duration-ms="16620" status="PASS">
          <reporter-output>
          </reporter-output>
        </test-method> <!-- homeLoanValidation -->
        <test-method signature="UIcheck()[pri:3, instance:testCases.TestCase@78691363]" started-at="2024-02-29T14:51:35 IST" name="UIcheck" finished-at="2024-02-29T14:51:39 IST" duration-ms="3750" status="PASS">
          <reporter-output>
          </reporter-output>
        </test-method> <!-- UIcheck -->
        <test-method signature="emiCalulatorValidation()[pri:4, instance:testCases.TestCase@78691363]" started-at="2024-02-29T14:51:39 IST" name="emiCalulatorValidation" finished-at="2024-02-29T14:51:39 IST" duration-ms="777" status="PASS">
          <reporter-output>
          </reporter-output>
        </test-method> <!-- emiCalulatorValidation -->
        <test-method signature="loanCalculatorUICheck()[pri:5, instance:testCases.TestCase@78691363]" started-at="2024-02-29T14:51:39 IST" name="loanCalculatorUICheck" finished-at="2024-02-29T14:51:42 IST" duration-ms="2230" status="PASS">
          <reporter-output>
          </reporter-output>
        </test-method> <!-- loanCalculatorUICheck -->
        <test-method signature="loanCalulatorValidation()[pri:6, instance:testCases.TestCase@78691363]" started-at="2024-02-29T14:51:42 IST" name="loanCalulatorValidation" finished-at="2024-02-29T14:51:42 IST" duration-ms="679" status="PASS">
          <reporter-output>
          </reporter-output>
        </test-method> <!-- loanCalulatorValidation -->
        <test-method signature="loanTenureCalculator()[pri:7, instance:testCases.TestCase@78691363]" started-at="2024-02-29T14:51:42 IST" name="loanTenureCalculator" finished-at="2024-02-29T14:51:43 IST" duration-ms="819" status="PASS">
          <reporter-output>
          </reporter-output>
        </test-method> <!-- loanTenureCalculator -->
        <test-method is-config="true" signature="closeBrowser()[pri:0, instance:testCases.TestCase@78691363]" started-at="2024-02-29T14:51:43 IST" name="closeBrowser" finished-at="2024-02-29T14:51:44 IST" duration-ms="1243" status="PASS">
          <reporter-output>
          </reporter-output>
        </test-method> <!-- closeBrowser -->
      </class> <!-- testCases.TestCase -->
    </test> <!-- Test -->
  </suite> <!-- Suite -->
</testng-results>
